[debug] [2026-06-11T07:44:49.449Z] ----------------------------------------------------------------------
[debug] [2026-06-11T07:44:49.464Z] Command:       C:\Program Files\nodejs\node.exe C:\Users\DELL\resultpilot\node_modules\firebase-tools\lib\bin\firebase.js deploy --only hosting --project resultpilot-ddf7c
[debug] [2026-06-11T07:44:49.466Z] CLI Version:   15.15.0
[debug] [2026-06-11T07:44:49.466Z] Platform:      win32
[debug] [2026-06-11T07:44:49.467Z] Node Version:  v22.15.0
[debug] [2026-06-11T07:44:49.468Z] Time:          Thu Jun 11 2026 08:44:49 GMT+0100 (West Africa Standard Time)
[debug] [2026-06-11T07:44:49.469Z] ----------------------------------------------------------------------
[debug] 
[debug] [2026-06-11T07:44:49.476Z] >>> [apiv2][query] GET https://firebase-public.firebaseio.com/cli.json [none]
[debug] [2026-06-11T07:45:01.122Z] > command requires scopes: ["email","openid","https://www.googleapis.com/auth/cloudplatformprojects.readonly","https://www.googleapis.com/auth/firebase","https://www.googleapis.com/auth/cloud-platform"]
[debug] [2026-06-11T07:45:01.124Z] > authorizing via signed-in user (ijeborjoe@gmail.com)
[debug] [2026-06-11T07:45:01.125Z] [iam] checking project resultpilot-ddf7c for permissions ["firebase.projects.get","firebasehosting.sites.update"]
[debug] [2026-06-11T07:45:01.128Z] Checked if tokens are valid: false, expires at: 1781071470027
[debug] [2026-06-11T07:45:01.128Z] Checked if tokens are valid: false, expires at: 1781071470027
[debug] [2026-06-11T07:45:01.129Z] > refreshing access token with scopes: []
[debug] [2026-06-11T07:45:01.134Z] >>> [apiv2][query] POST https://www.googleapis.com/oauth2/v3/token [none]
[debug] [2026-06-11T07:45:01.134Z] >>> [apiv2][body] POST https://www.googleapis.com/oauth2/v3/token [omitted]
[debug] [2026-06-11T07:45:01.164Z] *** [apiv2] error from fetch(https://firebase-public.firebaseio.com/cli.json, {"headers":{},"method":"GET"}): FetchError: request to https://firebase-public.firebaseio.com/cli.json failed, reason: 
[warn] !  Unable to fetch the CLI MOTD and remote config. This is not a fatal error, but may indicate an issue with your network connection. 
[debug] [2026-06-11T07:45:01.166Z] Failed to fetch MOTD FirebaseError: Failed to make request to https://firebase-public.firebaseio.com/cli.json
[debug] [2026-06-11T07:45:01.270Z] *** [apiv2] error from fetch(https://www.googleapis.com/oauth2/v3/token, {"headers":{},"method":"POST","body":{"_overheadLength":545,"_valueLength":212,"_valuesToMeasure":[],"writable":false,"readable":true,"dataSize":0,"maxDataSize":2097152,"pauseStreams":true,"_released":true,"_streams":[],"_currentStream":null,"_insideLoop":false,"_pendingNext":false,"_boundary":"--------------------------e5ee5b99c0f6ca480b190bf4","_events":{},"_eventsCount":1}}): FetchError: request to https://www.googleapis.com/oauth2/v3/token failed, reason: 
[error] Authentication Error: Your credentials are no longer valid. Please run firebase login --reauth

For CI servers and headless environments, generate a new token with firebase login:ci
[debug] [2026-06-11T07:45:01.271Z] [iam] error while checking permissions, command may fail: Authentication Error: Your credentials are no longer valid. Please run firebase login --reauth

For CI servers and headless environments, generate a new token with firebase login:ci
[debug] [2026-06-11T07:45:01.273Z] Checked if tokens are valid: false, expires at: 1781071470027
[debug] [2026-06-11T07:45:01.274Z] Checked if tokens are valid: false, expires at: 1781071470027
[debug] [2026-06-11T07:45:01.274Z] > refreshing access token with scopes: []
[debug] [2026-06-11T07:45:01.276Z] >>> [apiv2][query] POST https://www.googleapis.com/oauth2/v3/token [none]
[debug] [2026-06-11T07:45:01.276Z] >>> [apiv2][body] POST https://www.googleapis.com/oauth2/v3/token [omitted]
[debug] [2026-06-11T07:45:01.292Z] *** [apiv2] error from fetch(https://www.googleapis.com/oauth2/v3/token, {"headers":{},"method":"POST","body":{"_overheadLength":545,"_valueLength":212,"_valuesToMeasure":[],"writable":false,"readable":true,"dataSize":0,"maxDataSize":2097152,"pauseStreams":true,"_released":true,"_streams":[],"_currentStream":null,"_insideLoop":false,"_pendingNext":false,"_boundary":"--------------------------d23e60ee2634de26a90ef49f","_events":{},"_eventsCount":1}}): FetchError: request to https://www.googleapis.com/oauth2/v3/token failed, reason: 
[error] Authentication Error: Your credentials are no longer valid. Please run firebase login --reauth

For CI servers and headless environments, generate a new token with firebase login:ci
[debug] [2026-06-11T07:45:01.293Z] Authentication Error: Your credentials are no longer valid. Please run firebase login --reauth

For CI servers and headless environments, generate a new token with firebase login:ci
[error] 
[error] Error: Assertion failed: resolving hosting target of a site with no site name or target name. This should have caused an error earlier
[debug] [2026-06-11T07:45:01.670Z] Error: EPERM: operation not permitted, open 'C:\Users\DELL\.config\configstore\firebase-tools.json.1888733794'
    at Object.openSync (node:fs:562:18)
    at Function.writeFileSync [as sync] (C:\Users\DELL\resultpilot\node_modules\write-file-atomic\index.js:205:13)
    at set all (C:\Users\DELL\resultpilot\node_modules\configstore\index.js:61:20)
    at Configstore.delete (C:\Users\DELL\resultpilot\node_modules\configstore\index.js:101:12)
    at process.<anonymous> (C:\Users\DELL\resultpilot\node_modules\firebase-tools\lib\bin\cli.js:65:45)
    at process.emit (node:events:530:35)
    at process.exit (node:internal/process/per_thread:194:15)
    at Timeout._onTimeout (C:\Users\DELL\resultpilot\node_modules\firebase-tools\lib\errorOut.js:20:17)
    at listOnTimeout (node:internal/timers:588:17)
    at process.processTimers (node:internal/timers:523:7)
[error] 
[error] Error: An unexpected error has occurred.
[debug] [2026-06-11T07:47:19.814Z] ----------------------------------------------------------------------
[debug] [2026-06-11T07:47:19.835Z] Command:       C:\Program Files\nodejs\node.exe C:\Users\DELL\resultpilot\node_modules\firebase-tools\lib\bin\firebase.js deploy --only hosting --project resultpilot-ddf7c --non-interactive
[debug] [2026-06-11T07:47:19.839Z] CLI Version:   15.15.0
[debug] [2026-06-11T07:47:19.840Z] Platform:      win32
[debug] [2026-06-11T07:47:19.841Z] Node Version:  v22.15.0
[debug] [2026-06-11T07:47:19.843Z] Time:          Thu Jun 11 2026 08:47:19 GMT+0100 (West Africa Standard Time)
[debug] [2026-06-11T07:47:19.844Z] ----------------------------------------------------------------------
[debug] 
[debug] [2026-06-11T07:47:19.860Z] >>> [apiv2][query] GET https://firebase-public.firebaseio.com/cli.json [none]
[debug] [2026-06-11T07:47:29.694Z] > command requires scopes: ["email","openid","https://www.googleapis.com/auth/cloudplatformprojects.readonly","https://www.googleapis.com/auth/firebase","https://www.googleapis.com/auth/cloud-platform"]
[debug] [2026-06-11T07:47:29.697Z] > authorizing via signed-in user (ijeborjoe@gmail.com)
[debug] [2026-06-11T07:47:29.697Z] [iam] checking project resultpilot-ddf7c for permissions ["firebase.projects.get","firebasehosting.sites.update"]
[debug] [2026-06-11T07:47:29.702Z] Checked if tokens are valid: false, expires at: 1781071470027
[debug] [2026-06-11T07:47:29.703Z] Checked if tokens are valid: false, expires at: 1781071470027
[debug] [2026-06-11T07:47:29.704Z] > refreshing access token with scopes: []
[debug] [2026-06-11T07:47:29.708Z] >>> [apiv2][query] POST https://www.googleapis.com/oauth2/v3/token [none]
[debug] [2026-06-11T07:47:29.709Z] >>> [apiv2][body] POST https://www.googleapis.com/oauth2/v3/token [omitted]
[debug] [2026-06-11T07:47:30.591Z] <<< [apiv2][status] GET https://firebase-public.firebaseio.com/cli.json 200
[debug] [2026-06-11T07:47:30.593Z] <<< [apiv2][body] GET https://firebase-public.firebaseio.com/cli.json {"cloudBuildErrorAfter":1594252800000,"cloudBuildWarnAfter":1590019200000,"defaultNode10After":1594252800000,"minVersion":"3.0.5","node8DeploysDisabledAfter":1613390400000,"node8RuntimeDisabledAfter":1615809600000,"node8WarnAfter":1600128000000}
[debug] [2026-06-11T07:47:30.927Z] <<< [apiv2][status] POST https://www.googleapis.com/oauth2/v3/token 200
[debug] [2026-06-11T07:47:30.928Z] <<< [apiv2][body] POST https://www.googleapis.com/oauth2/v3/token [omitted]
[debug] [2026-06-11T07:47:30.981Z] >>> [apiv2][query] POST https://cloudresourcemanager.googleapis.com/v1/projects/resultpilot-ddf7c:testIamPermissions [none]
[debug] [2026-06-11T07:47:30.981Z] >>> [apiv2][(partial)header] POST https://cloudresourcemanager.googleapis.com/v1/projects/resultpilot-ddf7c:testIamPermissions  x-goog-user-project=resultpilot-ddf7c
[debug] [2026-06-11T07:47:30.981Z] >>> [apiv2][body] POST https://cloudresourcemanager.googleapis.com/v1/projects/resultpilot-ddf7c:testIamPermissions {"permissions":["firebase.projects.get","firebasehosting.sites.update"]}
[debug] [2026-06-11T07:47:32.645Z] <<< [apiv2][status] POST https://cloudresourcemanager.googleapis.com/v1/projects/resultpilot-ddf7c:testIamPermissions 200
[debug] [2026-06-11T07:47:32.646Z] <<< [apiv2][body] POST https://cloudresourcemanager.googleapis.com/v1/projects/resultpilot-ddf7c:testIamPermissions {"permissions":["firebase.projects.get","firebasehosting.sites.update"]}
[debug] [2026-06-11T07:47:32.649Z] Checked if tokens are valid: true, expires at: 1781167649928
[debug] [2026-06-11T07:47:32.650Z] Checked if tokens are valid: true, expires at: 1781167649928
[debug] [2026-06-11T07:47:32.651Z] >>> [apiv2][query] GET https://firebase.googleapis.com/v1beta1/projects/resultpilot-ddf7c [none]
[debug] [2026-06-11T07:47:33.575Z] <<< [apiv2][status] GET https://firebase.googleapis.com/v1beta1/projects/resultpilot-ddf7c 200
[debug] [2026-06-11T07:47:33.576Z] <<< [apiv2][body] GET https://firebase.googleapis.com/v1beta1/projects/resultpilot-ddf7c {"projectId":"resultpilot-ddf7c","projectNumber":"182802146440","displayName":"resultpilot","name":"projects/resultpilot-ddf7c","resources":{"hostingSite":"resultpilot-ddf7c"},"state":"ACTIVE","etag":"1_cfdf06d7-2b77-4391-9dfe-6d84a504ed65"}
[info] 
[info] === Deploying to 'resultpilot-ddf7c'...
[info] 
[info] i  deploying hosting 
[debug] [2026-06-11T07:47:33.588Z] Checked if tokens are valid: true, expires at: 1781167649928
[debug] [2026-06-11T07:47:33.588Z] Checked if tokens are valid: true, expires at: 1781167649928
[debug] [2026-06-11T07:47:33.589Z] >>> [apiv2][query] POST https://firebasehosting.googleapis.com/v1beta1/projects/-/sites/resultpilot-ddf7c/versions [none]
[debug] [2026-06-11T07:47:33.589Z] >>> [apiv2][body] POST https://firebasehosting.googleapis.com/v1beta1/projects/-/sites/resultpilot-ddf7c/versions {"status":"CREATED","labels":{"deployment-tool":"cli-firebase"}}
[debug] [2026-06-11T07:47:36.826Z] <<< [apiv2][status] POST https://firebasehosting.googleapis.com/v1beta1/projects/-/sites/resultpilot-ddf7c/versions 200
[debug] [2026-06-11T07:47:36.826Z] <<< [apiv2][body] POST https://firebasehosting.googleapis.com/v1beta1/projects/-/sites/resultpilot-ddf7c/versions {"name":"projects/182802146440/sites/resultpilot-ddf7c/versions/53e0cfbb919949e8","status":"CREATED","config":{},"labels":{"deployment-tool":"cli-firebase"}}
[info] i  hosting[resultpilot-ddf7c]: beginning deploy... 
[info] i  hosting[resultpilot-ddf7c]: found 18 files in dist 
[debug] [2026-06-11T07:47:36.887Z] [hosting] uploading with 200 concurrency
[debug] [2026-06-11T07:47:37.003Z] Checked if tokens are valid: true, expires at: 1781167649928
[debug] [2026-06-11T07:47:37.004Z] Checked if tokens are valid: true, expires at: 1781167649928
[debug] [2026-06-11T07:47:37.012Z] [hosting] hash cache [ZGlzdA] stored for 18 files
[debug] [2026-06-11T07:47:37.014Z] [hosting][hash queue][FINAL] {"max":102,"min":35,"avg":43,"active":0,"complete":18,"success":18,"errored":0,"retried":0,"total":18,"elapsed":118}
[debug] [2026-06-11T07:47:37.015Z] >>> [apiv2][query] POST https://firebasehosting.googleapis.com/v1beta1/projects/182802146440/sites/resultpilot-ddf7c/versions/53e0cfbb919949e8:populateFiles [none]
[debug] [2026-06-11T07:47:37.016Z] >>> [apiv2][body] POST https://firebasehosting.googleapis.com/v1beta1/projects/182802146440/sites/resultpilot-ddf7c/versions/53e0cfbb919949e8:populateFiles {"files":{"/index.html":"4ba1d8b5c10daf1ee8d78551e74c753401037df603c3e56a5ec6506414d261e5","/assets/utils-B6eYatTa.js":"e698a9cc0381757c37f264c5a780696bceb6ace96253571e167431f2cdaf4848","/assets/StudentRegistrationPage-BBHvdtBa.js":"7af69d760d4ac13ab61757934563a1dbc91179c7c64cfc0b61fd982cd7ff269b","/assets/vendor-BoQ4hHsB.js":"191d61fd6a751bddb487ed8b7fc580270b64203f257ed84cf41c3f85a2447928","/assets/StudentLookupPage-V-9dbxtV.js":"7fe6b483e31382e7967023a14dccfc788a3f6ebdb6df7a9107ca716fa0c784ea","/assets/ResultsPage-DH5LRpKy.js":"fd67219e8f4b017aee89a1bdf5a7a677d1361e74120beec545e3c03113c66a08","/assets/ResultResetDialog-BfFo0vlE.js":"dfea26dd2ada593ab22a4823bd6ecf59f2dc9a43e3948ca850c8bce0d58b0ceb","/assets/ManageQuestionsPage-BaZ4ve_r.js":"496678727cc30249818fbe180aebeb4d80d8aeb5b706f76ea27b1c48a6fc9ba4","/assets/ManageSetupPage-SFpWpRWh.js":"69b69a47f173c12accb9cb6078f24ceff56e63ba468042dd2a283c8a347be298","/assets/ManageExamsPage-CQX2vLym.js":"254965ffde148c1f18dc6a28a0cfca1fbde113b2a1c539b8d04006511e0e90fb","/assets/index-DcBGLD_3.js":"ffbfa86e14ce153b76aebce48f0337e29afa7e5be284c35e97ecd6d51c6f1ab6","/assets/index-C0KeYcmM.css":"6251fb987da4f972d5ad6ade926164a22ab42e153c83feb72cc2660f6b226785","/assets/ResultsDashboardPage-CHG_tZoZ.js":"aae0182c88bd083fa8ee1a8e8fbda572bf3fb09d4f3e26829e189b2dd706645a","/assets/ExamPage-BzWMxtjw.js":"45e41beafe9f86d7643808b72c7284b71d843a8f83b5edc70060b6e5bbabe12c","/assets/AdminLayout-CfHS7QuW.js":"9d6f2d5bdb058d66d6d1e177a203e72b76bc8a1b8def1857dfdc95dbfbd5c27b","/assets/AdminLoginPage-ZUOwxDEq.js":"5bce08eedd3eecb93093e853309c231e72bda309fc88d2856c43efae16c96108","/assets/vendor_react-D_uGhf0c.js":"e00a90f9c2c0e8ed0059291a7167adb166dcbeda0079614e78bda26ba0637b0b","/assets/vendor_firebase-DwYrLuYe.js":"c395144c4f8666b456103d4353420ff1c2fcb6dc4375402c4a2d8fbe89c6c48c"}}
[debug] [2026-06-11T07:47:38.375Z] <<< [apiv2][status] POST https://firebasehosting.googleapis.com/v1beta1/projects/182802146440/sites/resultpilot-ddf7c/versions/53e0cfbb919949e8:populateFiles 200
[debug] [2026-06-11T07:47:38.376Z] <<< [apiv2][body] POST https://firebasehosting.googleapis.com/v1beta1/projects/182802146440/sites/resultpilot-ddf7c/versions/53e0cfbb919949e8:populateFiles {"uploadRequiredHashes":["45e41beafe9f86d7643808b72c7284b71d843a8f83b5edc70060b6e5bbabe12c","4ba1d8b5c10daf1ee8d78551e74c753401037df603c3e56a5ec6506414d261e5","7af69d760d4ac13ab61757934563a1dbc91179c7c64cfc0b61fd982cd7ff269b","7fe6b483e31382e7967023a14dccfc788a3f6ebdb6df7a9107ca716fa0c784ea","dfea26dd2ada593ab22a4823bd6ecf59f2dc9a43e3948ca850c8bce0d58b0ceb","aae0182c88bd083fa8ee1a8e8fbda572bf3fb09d4f3e26829e189b2dd706645a","9d6f2d5bdb058d66d6d1e177a203e72b76bc8a1b8def1857dfdc95dbfbd5c27b","5bce08eedd3eecb93093e853309c231e72bda309fc88d2856c43efae16c96108","fd67219e8f4b017aee89a1bdf5a7a677d1361e74120beec545e3c03113c66a08","496678727cc30249818fbe180aebeb4d80d8aeb5b706f76ea27b1c48a6fc9ba4","69b69a47f173c12accb9cb6078f24ceff56e63ba468042dd2a283c8a347be298","254965ffde148c1f18dc6a28a0cfca1fbde113b2a1c539b8d04006511e0e90fb","ffbfa86e14ce153b76aebce48f0337e29afa7e5be284c35e97ecd6d51c6f1ab6"],"uploadUrl":"https://upload-firebasehosting.googleapis.com/upload/sites/resultpilot-ddf7c/versions/53e0cfbb919949e8/files"}
[debug] [2026-06-11T07:47:38.378Z] Checked if tokens are valid: true, expires at: 1781167649928
[debug] [2026-06-11T07:47:38.379Z] Checked if tokens are valid: true, expires at: 1781167649928
[debug] [2026-06-11T07:47:38.380Z] Checked if tokens are valid: true, expires at: 1781167649928
[debug] [2026-06-11T07:47:38.381Z] Checked if tokens are valid: true, expires at: 1781167649928
[debug] [2026-06-11T07:47:38.382Z] Checked if tokens are valid: true, expires at: 1781167649928
[debug] [2026-06-11T07:47:38.383Z] Checked if tokens are valid: true, expires at: 1781167649928
[debug] [2026-06-11T07:47:38.384Z] Checked if tokens are valid: true, expires at: 1781167649928
[debug] [2026-06-11T07:47:38.385Z] Checked if tokens are valid: true, expires at: 1781167649928
[debug] [2026-06-11T07:47:38.386Z] Checked if tokens are valid: true, expires at: 1781167649928
[debug] [2026-06-11T07:47:38.387Z] Checked if tokens are valid: true, expires at: 1781167649928
[debug] [2026-06-11T07:47:38.388Z] Checked if tokens are valid: true, expires at: 1781167649928
[debug] [2026-06-11T07:47:38.389Z] Checked if tokens are valid: true, expires at: 1781167649928
[debug] [2026-06-11T07:47:38.390Z] Checked if tokens are valid: true, expires at: 1781167649928
[debug] [2026-06-11T07:47:38.391Z] Checked if tokens are valid: true, expires at: 1781167649928
[debug] [2026-06-11T07:47:38.393Z] Checked if tokens are valid: true, expires at: 1781167649928
[debug] [2026-06-11T07:47:38.393Z] Checked if tokens are valid: true, expires at: 1781167649928
[debug] [2026-06-11T07:47:38.395Z] Checked if tokens are valid: true, expires at: 1781167649928
[debug] [2026-06-11T07:47:38.395Z] Checked if tokens are valid: true, expires at: 1781167649928
[debug] [2026-06-11T07:47:38.397Z] Checked if tokens are valid: true, expires at: 1781167649928
[debug] [2026-06-11T07:47:38.398Z] Checked if tokens are valid: true, expires at: 1781167649928
[debug] [2026-06-11T07:47:38.400Z] Checked if tokens are valid: true, expires at: 1781167649928
[debug] [2026-06-11T07:47:38.400Z] Checked if tokens are valid: true, expires at: 1781167649928
[debug] [2026-06-11T07:47:38.402Z] Checked if tokens are valid: true, expires at: 1781167649928
[debug] [2026-06-11T07:47:38.402Z] Checked if tokens are valid: true, expires at: 1781167649928
[debug] [2026-06-11T07:47:38.404Z] Checked if tokens are valid: true, expires at: 1781167649928
[debug] [2026-06-11T07:47:38.405Z] Checked if tokens are valid: true, expires at: 1781167649928
[debug] [2026-06-11T07:47:38.406Z] >>> [apiv2][query] POST https://upload-firebasehosting.googleapis.com/upload/sites/resultpilot-ddf7c/versions/53e0cfbb919949e8/files/45e41beafe9f86d7643808b72c7284b71d843a8f83b5edc70060b6e5bbabe12c [none]
[debug] [2026-06-11T07:47:38.407Z] >>> [apiv2][body] POST https://upload-firebasehosting.googleapis.com/upload/sites/resultpilot-ddf7c/versions/53e0cfbb919949e8/files/45e41beafe9f86d7643808b72c7284b71d843a8f83b5edc70060b6e5bbabe12c [stream]
[debug] [2026-06-11T07:47:38.416Z] >>> [apiv2][query] POST https://upload-firebasehosting.googleapis.com/upload/sites/resultpilot-ddf7c/versions/53e0cfbb919949e8/files/4ba1d8b5c10daf1ee8d78551e74c753401037df603c3e56a5ec6506414d261e5 [none]
[debug] [2026-06-11T07:47:38.416Z] >>> [apiv2][body] POST https://upload-firebasehosting.googleapis.com/upload/sites/resultpilot-ddf7c/versions/53e0cfbb919949e8/files/4ba1d8b5c10daf1ee8d78551e74c753401037df603c3e56a5ec6506414d261e5 [stream]
[debug] [2026-06-11T07:47:38.423Z] >>> [apiv2][query] POST https://upload-firebasehosting.googleapis.com/upload/sites/resultpilot-ddf7c/versions/53e0cfbb919949e8/files/7af69d760d4ac13ab61757934563a1dbc91179c7c64cfc0b61fd982cd7ff269b [none]
[debug] [2026-06-11T07:47:38.423Z] >>> [apiv2][body] POST https://upload-firebasehosting.googleapis.com/upload/sites/resultpilot-ddf7c/versions/53e0cfbb919949e8/files/7af69d760d4ac13ab61757934563a1dbc91179c7c64cfc0b61fd982cd7ff269b [stream]
[debug] [2026-06-11T07:47:38.432Z] >>> [apiv2][query] POST https://upload-firebasehosting.googleapis.com/upload/sites/resultpilot-ddf7c/versions/53e0cfbb919949e8/files/7fe6b483e31382e7967023a14dccfc788a3f6ebdb6df7a9107ca716fa0c784ea [none]
[debug] [2026-06-11T07:47:38.433Z] >>> [apiv2][body] POST https://upload-firebasehosting.googleapis.com/upload/sites/resultpilot-ddf7c/versions/53e0cfbb919949e8/files/7fe6b483e31382e7967023a14dccfc788a3f6ebdb6df7a9107ca716fa0c784ea [stream]
[debug] [2026-06-11T07:47:38.442Z] >>> [apiv2][query] POST https://upload-firebasehosting.googleapis.com/upload/sites/resultpilot-ddf7c/versions/53e0cfbb919949e8/files/dfea26dd2ada593ab22a4823bd6ecf59f2dc9a43e3948ca850c8bce0d58b0ceb [none]
[debug] [2026-06-11T07:47:38.442Z] >>> [apiv2][body] POST https://upload-firebasehosting.googleapis.com/upload/sites/resultpilot-ddf7c/versions/53e0cfbb919949e8/files/dfea26dd2ada593ab22a4823bd6ecf59f2dc9a43e3948ca850c8bce0d58b0ceb [stream]
[debug] [2026-06-11T07:47:38.449Z] >>> [apiv2][query] POST https://upload-firebasehosting.googleapis.com/upload/sites/resultpilot-ddf7c/versions/53e0cfbb919949e8/files/aae0182c88bd083fa8ee1a8e8fbda572bf3fb09d4f3e26829e189b2dd706645a [none]
[debug] [2026-06-11T07:47:38.449Z] >>> [apiv2][body] POST https://upload-firebasehosting.googleapis.com/upload/sites/resultpilot-ddf7c/versions/53e0cfbb919949e8/files/aae0182c88bd083fa8ee1a8e8fbda572bf3fb09d4f3e26829e189b2dd706645a [stream]
[debug] [2026-06-11T07:47:38.458Z] >>> [apiv2][query] POST https://upload-firebasehosting.googleapis.com/upload/sites/resultpilot-ddf7c/versions/53e0cfbb919949e8/files/9d6f2d5bdb058d66d6d1e177a203e72b76bc8a1b8def1857dfdc95dbfbd5c27b [none]
[debug] [2026-06-11T07:47:38.461Z] >>> [apiv2][body] POST https://upload-firebasehosting.googleapis.com/upload/sites/resultpilot-ddf7c/versions/53e0cfbb919949e8/files/9d6f2d5bdb058d66d6d1e177a203e72b76bc8a1b8def1857dfdc95dbfbd5c27b [stream]
[debug] [2026-06-11T07:47:38.467Z] >>> [apiv2][query] POST https://upload-firebasehosting.googleapis.com/upload/sites/resultpilot-ddf7c/versions/53e0cfbb919949e8/files/5bce08eedd3eecb93093e853309c231e72bda309fc88d2856c43efae16c96108 [none]
[debug] [2026-06-11T07:47:38.468Z] >>> [apiv2][body] POST https://upload-firebasehosting.googleapis.com/upload/sites/resultpilot-ddf7c/versions/53e0cfbb919949e8/files/5bce08eedd3eecb93093e853309c231e72bda309fc88d2856c43efae16c96108 [stream]
[debug] [2026-06-11T07:47:38.477Z] >>> [apiv2][query] POST https://upload-firebasehosting.googleapis.com/upload/sites/resultpilot-ddf7c/versions/53e0cfbb919949e8/files/fd67219e8f4b017aee89a1bdf5a7a677d1361e74120beec545e3c03113c66a08 [none]
[debug] [2026-06-11T07:47:38.478Z] >>> [apiv2][body] POST https://upload-firebasehosting.googleapis.com/upload/sites/resultpilot-ddf7c/versions/53e0cfbb919949e8/files/fd67219e8f4b017aee89a1bdf5a7a677d1361e74120beec545e3c03113c66a08 [stream]
[debug] [2026-06-11T07:47:38.483Z] >>> [apiv2][query] POST https://upload-firebasehosting.googleapis.com/upload/sites/resultpilot-ddf7c/versions/53e0cfbb919949e8/files/496678727cc30249818fbe180aebeb4d80d8aeb5b706f76ea27b1c48a6fc9ba4 [none]
[debug] [2026-06-11T07:47:38.484Z] >>> [apiv2][body] POST https://upload-firebasehosting.googleapis.com/upload/sites/resultpilot-ddf7c/versions/53e0cfbb919949e8/files/496678727cc30249818fbe180aebeb4d80d8aeb5b706f76ea27b1c48a6fc9ba4 [stream]
[debug] [2026-06-11T07:47:38.491Z] >>> [apiv2][query] POST https://upload-firebasehosting.googleapis.com/upload/sites/resultpilot-ddf7c/versions/53e0cfbb919949e8/files/69b69a47f173c12accb9cb6078f24ceff56e63ba468042dd2a283c8a347be298 [none]
[debug] [2026-06-11T07:47:38.491Z] >>> [apiv2][body] POST https://upload-firebasehosting.googleapis.com/upload/sites/resultpilot-ddf7c/versions/53e0cfbb919949e8/files/69b69a47f173c12accb9cb6078f24ceff56e63ba468042dd2a283c8a347be298 [stream]
[debug] [2026-06-11T07:47:38.498Z] >>> [apiv2][query] POST https://upload-firebasehosting.googleapis.com/upload/sites/resultpilot-ddf7c/versions/53e0cfbb919949e8/files/254965ffde148c1f18dc6a28a0cfca1fbde113b2a1c539b8d04006511e0e90fb [none]
[debug] [2026-06-11T07:47:38.498Z] >>> [apiv2][body] POST https://upload-firebasehosting.googleapis.com/upload/sites/resultpilot-ddf7c/versions/53e0cfbb919949e8/files/254965ffde148c1f18dc6a28a0cfca1fbde113b2a1c539b8d04006511e0e90fb [stream]
[debug] [2026-06-11T07:47:38.506Z] >>> [apiv2][query] POST https://upload-firebasehosting.googleapis.com/upload/sites/resultpilot-ddf7c/versions/53e0cfbb919949e8/files/ffbfa86e14ce153b76aebce48f0337e29afa7e5be284c35e97ecd6d51c6f1ab6 [none]
[debug] [2026-06-11T07:47:38.506Z] >>> [apiv2][body] POST https://upload-firebasehosting.googleapis.com/upload/sites/resultpilot-ddf7c/versions/53e0cfbb919949e8/files/ffbfa86e14ce153b76aebce48f0337e29afa7e5be284c35e97ecd6d51c6f1ab6 [stream]
[debug] [2026-06-11T07:47:38.510Z] [hosting][populate queue][FINAL] {"max":1402,"min":1402,"avg":1402,"active":0,"complete":1,"success":1,"errored":0,"retried":0,"total":1,"elapsed":1507}
[debug] [2026-06-11T07:47:38.511Z] [hosting] uploads queued: 13
[info] i  hosting: uploading new files [0/13] (0%) 
[info] i  hosting: uploading new files [0/13] (0%) 
[debug] [2026-06-11T07:47:41.909Z] <<< [apiv2][status] POST https://upload-firebasehosting.googleapis.com/upload/sites/resultpilot-ddf7c/versions/53e0cfbb919949e8/files/496678727cc30249818fbe180aebeb4d80d8aeb5b706f76ea27b1c48a6fc9ba4 200
[debug] [2026-06-11T07:47:41.909Z] <<< [apiv2][body] POST https://upload-firebasehosting.googleapis.com/upload/sites/resultpilot-ddf7c/versions/53e0cfbb919949e8/files/496678727cc30249818fbe180aebeb4d80d8aeb5b706f76ea27b1c48a6fc9ba4 [stream]
[debug] [2026-06-11T07:47:42.069Z] <<< [apiv2][status] POST https://upload-firebasehosting.googleapis.com/upload/sites/resultpilot-ddf7c/versions/53e0cfbb919949e8/files/254965ffde148c1f18dc6a28a0cfca1fbde113b2a1c539b8d04006511e0e90fb 200
[debug] [2026-06-11T07:47:42.069Z] <<< [apiv2][body] POST https://upload-firebasehosting.googleapis.com/upload/sites/resultpilot-ddf7c/versions/53e0cfbb919949e8/files/254965ffde148c1f18dc6a28a0cfca1fbde113b2a1c539b8d04006511e0e90fb [stream]
[debug] [2026-06-11T07:47:42.345Z] <<< [apiv2][status] POST https://upload-firebasehosting.googleapis.com/upload/sites/resultpilot-ddf7c/versions/53e0cfbb919949e8/files/45e41beafe9f86d7643808b72c7284b71d843a8f83b5edc70060b6e5bbabe12c 200
[debug] [2026-06-11T07:47:42.345Z] <<< [apiv2][body] POST https://upload-firebasehosting.googleapis.com/upload/sites/resultpilot-ddf7c/versions/53e0cfbb919949e8/files/45e41beafe9f86d7643808b72c7284b71d843a8f83b5edc70060b6e5bbabe12c [stream]
[debug] [2026-06-11T07:47:42.860Z] <<< [apiv2][status] POST https://upload-firebasehosting.googleapis.com/upload/sites/resultpilot-ddf7c/versions/53e0cfbb919949e8/files/aae0182c88bd083fa8ee1a8e8fbda572bf3fb09d4f3e26829e189b2dd706645a 200
[debug] [2026-06-11T07:47:42.860Z] <<< [apiv2][body] POST https://upload-firebasehosting.googleapis.com/upload/sites/resultpilot-ddf7c/versions/53e0cfbb919949e8/files/aae0182c88bd083fa8ee1a8e8fbda572bf3fb09d4f3e26829e189b2dd706645a [stream]
[debug] [2026-06-11T07:47:42.921Z] <<< [apiv2][status] POST https://upload-firebasehosting.googleapis.com/upload/sites/resultpilot-ddf7c/versions/53e0cfbb919949e8/files/69b69a47f173c12accb9cb6078f24ceff56e63ba468042dd2a283c8a347be298 200
[debug] [2026-06-11T07:47:42.922Z] <<< [apiv2][body] POST https://upload-firebasehosting.googleapis.com/upload/sites/resultpilot-ddf7c/versions/53e0cfbb919949e8/files/69b69a47f173c12accb9cb6078f24ceff56e63ba468042dd2a283c8a347be298 [stream]
[info] i  hosting: uploading new files [5/13] (38%) 
[debug] [2026-06-11T07:47:42.926Z] <<< [apiv2][status] POST https://upload-firebasehosting.googleapis.com/upload/sites/resultpilot-ddf7c/versions/53e0cfbb919949e8/files/7af69d760d4ac13ab61757934563a1dbc91179c7c64cfc0b61fd982cd7ff269b 200
[debug] [2026-06-11T07:47:42.927Z] <<< [apiv2][body] POST https://upload-firebasehosting.googleapis.com/upload/sites/resultpilot-ddf7c/versions/53e0cfbb919949e8/files/7af69d760d4ac13ab61757934563a1dbc91179c7c64cfc0b61fd982cd7ff269b [stream]
[debug] [2026-06-11T07:47:43.141Z] <<< [apiv2][status] POST https://upload-firebasehosting.googleapis.com/upload/sites/resultpilot-ddf7c/versions/53e0cfbb919949e8/files/5bce08eedd3eecb93093e853309c231e72bda309fc88d2856c43efae16c96108 200
[debug] [2026-06-11T07:47:43.141Z] <<< [apiv2][body] POST https://upload-firebasehosting.googleapis.com/upload/sites/resultpilot-ddf7c/versions/53e0cfbb919949e8/files/5bce08eedd3eecb93093e853309c231e72bda309fc88d2856c43efae16c96108 [stream]
[debug] [2026-06-11T07:47:43.198Z] <<< [apiv2][status] POST https://upload-firebasehosting.googleapis.com/upload/sites/resultpilot-ddf7c/versions/53e0cfbb919949e8/files/dfea26dd2ada593ab22a4823bd6ecf59f2dc9a43e3948ca850c8bce0d58b0ceb 200
[debug] [2026-06-11T07:47:43.199Z] <<< [apiv2][body] POST https://upload-firebasehosting.googleapis.com/upload/sites/resultpilot-ddf7c/versions/53e0cfbb919949e8/files/dfea26dd2ada593ab22a4823bd6ecf59f2dc9a43e3948ca850c8bce0d58b0ceb [stream]
[debug] [2026-06-11T07:47:43.202Z] <<< [apiv2][status] POST https://upload-firebasehosting.googleapis.com/upload/sites/resultpilot-ddf7c/versions/53e0cfbb919949e8/files/fd67219e8f4b017aee89a1bdf5a7a677d1361e74120beec545e3c03113c66a08 200
[debug] [2026-06-11T07:47:43.203Z] <<< [apiv2][body] POST https://upload-firebasehosting.googleapis.com/upload/sites/resultpilot-ddf7c/versions/53e0cfbb919949e8/files/fd67219e8f4b017aee89a1bdf5a7a677d1361e74120beec545e3c03113c66a08 [stream]
[debug] [2026-06-11T07:47:43.206Z] <<< [apiv2][status] POST https://upload-firebasehosting.googleapis.com/upload/sites/resultpilot-ddf7c/versions/53e0cfbb919949e8/files/7fe6b483e31382e7967023a14dccfc788a3f6ebdb6df7a9107ca716fa0c784ea 200
[debug] [2026-06-11T07:47:43.207Z] <<< [apiv2][body] POST https://upload-firebasehosting.googleapis.com/upload/sites/resultpilot-ddf7c/versions/53e0cfbb919949e8/files/7fe6b483e31382e7967023a14dccfc788a3f6ebdb6df7a9107ca716fa0c784ea [stream]
[debug] [2026-06-11T07:47:43.288Z] <<< [apiv2][status] POST https://upload-firebasehosting.googleapis.com/upload/sites/resultpilot-ddf7c/versions/53e0cfbb919949e8/files/ffbfa86e14ce153b76aebce48f0337e29afa7e5be284c35e97ecd6d51c6f1ab6 200
[debug] [2026-06-11T07:47:43.289Z] <<< [apiv2][body] POST https://upload-firebasehosting.googleapis.com/upload/sites/resultpilot-ddf7c/versions/53e0cfbb919949e8/files/ffbfa86e14ce153b76aebce48f0337e29afa7e5be284c35e97ecd6d51c6f1ab6 [stream]
[debug] [2026-06-11T07:47:43.340Z] <<< [apiv2][status] POST https://upload-firebasehosting.googleapis.com/upload/sites/resultpilot-ddf7c/versions/53e0cfbb919949e8/files/9d6f2d5bdb058d66d6d1e177a203e72b76bc8a1b8def1857dfdc95dbfbd5c27b 200
[debug] [2026-06-11T07:47:43.341Z] <<< [apiv2][body] POST https://upload-firebasehosting.googleapis.com/upload/sites/resultpilot-ddf7c/versions/53e0cfbb919949e8/files/9d6f2d5bdb058d66d6d1e177a203e72b76bc8a1b8def1857dfdc95dbfbd5c27b [stream]
[debug] [2026-06-11T07:47:43.396Z] <<< [apiv2][status] POST https://upload-firebasehosting.googleapis.com/upload/sites/resultpilot-ddf7c/versions/53e0cfbb919949e8/files/4ba1d8b5c10daf1ee8d78551e74c753401037df603c3e56a5ec6506414d261e5 200
[debug] [2026-06-11T07:47:43.397Z] <<< [apiv2][body] POST https://upload-firebasehosting.googleapis.com/upload/sites/resultpilot-ddf7c/versions/53e0cfbb919949e8/files/4ba1d8b5c10daf1ee8d78551e74c753401037df603c3e56a5ec6506414d261e5 [stream]
[debug] [2026-06-11T07:47:43.398Z] [hosting][upload queue][FINAL] {"max":5017,"min":3514,"avg":4519.384615384615,"active":0,"complete":13,"success":13,"errored":0,"retried":0,"total":13,"elapsed":5022}
[info] i  hosting: upload complete 
[info] +  hosting[resultpilot-ddf7c]: file upload complete 
[debug] [2026-06-11T07:47:43.399Z] [hosting] deploy completed after 6561ms
[debug] [2026-06-11T07:47:43.401Z] [
  {
    "config": {
      "public": "dist",
      "ignore": [
        "firebase.json",
        "**/.*",
        "**/node_modules/**"
      ],
      "rewrites": [
        {
          "source": "**",
          "destination": "/index.html"
        }
      ],
      "site": "resultpilot-ddf7c"
    },
    "version": "projects/182802146440/sites/resultpilot-ddf7c/versions/53e0cfbb919949e8"
  }
]
[info] i  hosting[resultpilot-ddf7c]: finalizing version... 
[debug] [2026-06-11T07:47:43.408Z] Checked if tokens are valid: true, expires at: 1781167649928
[debug] [2026-06-11T07:47:43.408Z] Checked if tokens are valid: true, expires at: 1781167649928
[debug] [2026-06-11T07:47:43.411Z] >>> [apiv2][query] PATCH https://firebasehosting.googleapis.com/v1beta1/projects/-/sites/resultpilot-ddf7c/versions/53e0cfbb919949e8 updateMask=status%2Cconfig
[debug] [2026-06-11T07:47:43.411Z] >>> [apiv2][body] PATCH https://firebasehosting.googleapis.com/v1beta1/projects/-/sites/resultpilot-ddf7c/versions/53e0cfbb919949e8 {"status":"FINALIZED","config":{"rewrites":[{"glob":"**","path":"/index.html"}]}}
[debug] [2026-06-11T07:47:46.261Z] <<< [apiv2][status] PATCH https://firebasehosting.googleapis.com/v1beta1/projects/-/sites/resultpilot-ddf7c/versions/53e0cfbb919949e8 200
[debug] [2026-06-11T07:47:46.262Z] <<< [apiv2][body] PATCH https://firebasehosting.googleapis.com/v1beta1/projects/-/sites/resultpilot-ddf7c/versions/53e0cfbb919949e8 {"name":"projects/182802146440/sites/resultpilot-ddf7c/versions/53e0cfbb919949e8","status":"FINALIZED","config":{"rewrites":[{"glob":"**","path":"/index.html"}]},"labels":{"deployment-tool":"cli-firebase"},"createTime":"2026-06-11T07:47:35.238030Z","createUser":{"email":"ijeborjoe@gmail.com"},"finalizeTime":"2026-06-11T07:47:45.970642Z","finalizeUser":{"email":"ijeborjoe@gmail.com"}}
[debug] [2026-06-11T07:47:46.263Z] [hosting] finalized version for resultpilot-ddf7c:[object Object]
[info] +  hosting[resultpilot-ddf7c]: version finalized 
[info] i  hosting[resultpilot-ddf7c]: releasing new version... 
[debug] [2026-06-11T07:47:46.265Z] Checked if tokens are valid: true, expires at: 1781167649928
[debug] [2026-06-11T07:47:46.266Z] Checked if tokens are valid: true, expires at: 1781167649928
[debug] [2026-06-11T07:47:46.267Z] >>> [apiv2][query] POST https://firebasehosting.googleapis.com/v1beta1/projects/-/sites/resultpilot-ddf7c/channels/live/releases versionName=projects%2F182802146440%2Fsites%2Fresultpilot-ddf7c%2Fversions%2F53e0cfbb919949e8
[debug] [2026-06-11T07:47:46.268Z] >>> [apiv2][body] POST https://firebasehosting.googleapis.com/v1beta1/projects/-/sites/resultpilot-ddf7c/channels/live/releases {}
[debug] [2026-06-11T07:47:48.134Z] <<< [apiv2][status] POST https://firebasehosting.googleapis.com/v1beta1/projects/-/sites/resultpilot-ddf7c/channels/live/releases 200
